<?xml version="1.0" encoding="UTF-8"?>
<!-- Generated by org.testng.reporters.JUnitXMLReporter -->
<testsuite hostname="DESKTOP-6BHR4HM" ignored="0" name="Default test" tests="5" failures="0" timestamp="2020-08-01T13:05:51 IST" time="11.378" errors="0">
  <testcase name="postNewEmployee" time="4.073" classname="com.qa.dataDrivenTesting.TestPostDDT"/>
  <testcase name="postNewEmployee" time="1.045" classname="com.qa.dataDrivenTesting.TestPostDDT"/>
  <testcase name="postNewEmployee" time="1.13" classname="com.qa.dataDrivenTesting.TestPostDDT"/>
  <testcase name="postNewEmployee" time="1.189" classname="com.qa.dataDrivenTesting.TestPostDDT"/>
  <testcase name="postNewEmployee" time="2.923" classname="com.qa.dataDrivenTesting.TestPostDDT"/>
</testsuite> <!-- Default test -->
